<?xml version="1.0" encoding="UTF-8"?>
<testsuite xmlns:xsi="http://www.w3.org/2001/XMLSchema-instance" xsi:schemaLocation="https://maven.apache.org/surefire/maven-surefire-plugin/xsd/surefire-test-report.xsd" name="TestSuite" time="985.68" tests="20" errors="0" skipped="0" failures="3">
  <properties>
[...]
</properties>
  <testcase name="addNewList" classname="tests.AddEmptyListTest" time="11.312"/>
  <testcase name="addNewList" classname="tests.AddEmptyListTest" time="15.085"/>
  <testcase name="addNewList" classname="tests.AddEmptyListTest" time="15.162"/>
  <testcase name="addNewList" classname="tests.AddEmptyListTest" time="12.268"/>
  <testcase name="addNewList" classname="tests.AddEmptyListTest" time="13.292"/>
  <testcase name="addNewList" classname="tests.AddEmptyListTest" time="16.339"/>
  <testcase name="addNewItemToTheList" classname="tests.AddProductToExistingListTest" time="161.441"/>
  <testcase name="addNewItemToTheList" classname="tests.AddProductToExistingListTest" time="122.895"/>
  <testcase name="checkCurrencySettings" classname="tests.ChangeOrientationTest" time="14.028"/>
  <testcase name="checkCurrencySettings" classname="tests.ChangeOrientationTest" time="10.727"/>
  <testcase name="checkCurrencySettings" classname="tests.ChangeOrientationTest" time="9.353"/>
  <testcase name="removeNewList" classname="tests.ClickNoInRemoveListWindowTest" time="16.585">
    <failure message="An element could not be located on the page using the given search parameters. (WARNING: The server did not provide any stacktrace information)&#10;Command duration or timeout: 5.31 seconds&#10;For documentation on this error, please visit: http://seleniumhq.org/exceptions/no_such_element.html&#10;Build info: version: &apos;2.46.0&apos;, revision: &apos;61506a4624b13675f24581e453592342b7485d71&apos;, time: &apos;2015-06-04 10:22:50&apos;&#10;System info: host: &apos;Alisinas-MBP&apos;, ip: &apos;192.168.1.68&apos;, os.name: &apos;Mac OS X&apos;, os.arch: &apos;x86_64&apos;, os.version: &apos;10.11.6&apos;, java.version: &apos;1.8.0_141&apos;&#10;Driver info: io.appium.java_client.android.AndroidDriver&#10;Capabilities [{app=/Users/alisina/IdeaProjects/android_shoppinglist_tests/src/test/resources/Shopping_list_1.6.apk, appPackage=com.slava.buylist, deviceScreenSize=1080x1920, networkConnectionEnabled=true, warnings={}, appWaitPackage=com.slava.buylist, appWaitActivity=com.slava.buylist.MainActivity, databaseEnabled=false, deviceName=emulator-5554, platform=LINUX, deviceUDID=emulator-5554, appActivity=com.slava.buylist.MainActivity, desired={app=/Users/alisina/IdeaProjects/android_shoppinglist_tests/src/test/resources/Shopping_list_1.6.apk, platformName=Android, deviceName=Nexus 5 API 23}, platformVersion=6.0, webStorageEnabled=false, locationContextEnabled=false, takesScreenshot=true, javascriptEnabled=true, deviceModel=Android SDK built for x86, platformName=Android, deviceManufacturer=unknown}]&#10;Session ID: c1833405-638f-460c-a368-ba247d5e81ec&#10;*** Element info: {Using=xpath, value=//android.widget.TextView[@text=&apos;New list2&apos;]}" type="org.openqa.selenium.NoSuchElementException">org.openqa.selenium.NoSuchElementException: 
An element could not be located on the page using the given search parameters. (WARNING: The server did not provide any stacktrace information)
Command duration or timeout: 5.31 seconds
For documentation on this error, please visit: http://seleniumhq.org/exceptions/no_such_element.html
Build info: version: '2.46.0', revision: '61506a4624b13675f24581e453592342b7485d71', time: '2015-06-04 10:22:50'
System info: host: 'Alisinas-MBP', ip: '192.168.1.68', os.name: 'Mac OS X', os.arch: 'x86_64', os.version: '10.11.6', java.version: '1.8.0_141'
Driver info: io.appium.java_client.android.AndroidDriver
Capabilities [{app=/Users/alisina/IdeaProjects/android_shoppinglist_tests/src/test/resources/Shopping_list_1.6.apk, appPackage=com.slava.buylist, deviceScreenSize=1080x1920, networkConnectionEnabled=true, warnings={}, appWaitPackage=com.slava.buylist, appWaitActivity=com.slava.buylist.MainActivity, databaseEnabled=false, deviceName=emulator-5554, platform=LINUX, deviceUDID=emulator-5554, appActivity=com.slava.buylist.MainActivity, desired={app=/Users/alisina/IdeaProjects/android_shoppinglist_tests/src/test/resources/Shopping_list_1.6.apk, platformName=Android, deviceName=Nexus 5 API 23}, platformVersion=6.0, webStorageEnabled=false, locationContextEnabled=false, takesScreenshot=true, javascriptEnabled=true, deviceModel=Android SDK built for x86, platformName=Android, deviceManufacturer=unknown}]
Session ID: c1833405-638f-460c-a368-ba247d5e81ec
*** Element info: {Using=xpath, value=//android.widget.TextView[@text='New list2']}
	at tests.ClickNoInRemoveListWindowTest.removeNewList(ClickNoInRemoveListWindowTest.java:24)
</failure>
  </testcase>
  <testcase name="addNewListWithItem" classname="tests.CreateListWithItemsTest" time="50.393"/>
  <testcase name="addNewListWithItem" classname="tests.CreateListWithItemsTest" time="53.526"/>
  <testcase name="checkCurrencySettings" classname="tests.CurrencySettingsTest" time="8.201"/>
  <testcase name="doNotSaveNewProduct" classname="tests.DoNotSaveProductTest" time="54.796"/>
  <testcase name="removeNewList" classname="tests.RemoveListTest" time="19.811">
    <failure message="An element could not be located on the page using the given search parameters. (WARNING: The server did not provide any stacktrace information)&#10;Command duration or timeout: 5.68 seconds&#10;For documentation on this error, please visit: http://seleniumhq.org/exceptions/no_such_element.html&#10;Build info: version: &apos;2.46.0&apos;, revision: &apos;61506a4624b13675f24581e453592342b7485d71&apos;, time: &apos;2015-06-04 10:22:50&apos;&#10;System info: host: &apos;Alisinas-MBP&apos;, ip: &apos;192.168.1.68&apos;, os.name: &apos;Mac OS X&apos;, os.arch: &apos;x86_64&apos;, os.version: &apos;10.11.6&apos;, java.version: &apos;1.8.0_141&apos;&#10;Driver info: io.appium.java_client.android.AndroidDriver&#10;Capabilities [{app=/Users/alisina/IdeaProjects/android_shoppinglist_tests/src/test/resources/Shopping_list_1.6.apk, appPackage=com.slava.buylist, deviceScreenSize=1080x1920, networkConnectionEnabled=true, warnings={}, appWaitPackage=com.slava.buylist, appWaitActivity=com.slava.buylist.MainActivity, databaseEnabled=false, deviceName=emulator-5554, platform=LINUX, deviceUDID=emulator-5554, appActivity=com.slava.buylist.MainActivity, desired={app=/Users/alisina/IdeaProjects/android_shoppinglist_tests/src/test/resources/Shopping_list_1.6.apk, platformName=Android, deviceName=Nexus 5 API 23}, platformVersion=6.0, webStorageEnabled=false, locationContextEnabled=false, takesScreenshot=true, javascriptEnabled=true, deviceModel=Android SDK built for x86, platformName=Android, deviceManufacturer=unknown}]&#10;Session ID: c1833405-638f-460c-a368-ba247d5e81ec&#10;*** Element info: {Using=xpath, value=//android.widget.RelativeLayout[android.widget.TextView[@text=&apos;New list2&apos;]]/android.widget.ImageView[@resource-id=&apos;com.slava.buylist:id/imageView1&apos;]}" type="org.openqa.selenium.NoSuchElementException">org.openqa.selenium.NoSuchElementException: 
An element could not be located on the page using the given search parameters. (WARNING: The server did not provide any stacktrace information)
Command duration or timeout: 5.68 seconds
For documentation on this error, please visit: http://seleniumhq.org/exceptions/no_such_element.html
Build info: version: '2.46.0', revision: '61506a4624b13675f24581e453592342b7485d71', time: '2015-06-04 10:22:50'
System info: host: 'Alisinas-MBP', ip: '192.168.1.68', os.name: 'Mac OS X', os.arch: 'x86_64', os.version: '10.11.6', java.version: '1.8.0_141'
Driver info: io.appium.java_client.android.AndroidDriver
Capabilities [{app=/Users/alisina/IdeaProjects/android_shoppinglist_tests/src/test/resources/Shopping_list_1.6.apk, appPackage=com.slava.buylist, deviceScreenSize=1080x1920, networkConnectionEnabled=true, warnings={}, appWaitPackage=com.slava.buylist, appWaitActivity=com.slava.buylist.MainActivity, databaseEnabled=false, deviceName=emulator-5554, platform=LINUX, deviceUDID=emulator-5554, appActivity=com.slava.buylist.MainActivity, desired={app=/Users/alisina/IdeaProjects/android_shoppinglist_tests/src/test/resources/Shopping_list_1.6.apk, platformName=Android, deviceName=Nexus 5 API 23}, platformVersion=6.0, webStorageEnabled=false, locationContextEnabled=false, takesScreenshot=true, javascriptEnabled=true, deviceModel=Android SDK built for x86, platformName=Android, deviceManufacturer=unknown}]
Session ID: c1833405-638f-460c-a368-ba247d5e81ec
*** Element info: {Using=xpath, value=//android.widget.RelativeLayout[android.widget.TextView[@text='New list2']]/android.widget.ImageView[@resource-id='com.slava.buylist:id/imageView1']}
	at tests.RemoveListTest.removeNewList(RemoveListTest.java:28)
</failure>
  </testcase>
  <testcase name="addNewItemToTheList" classname="tests.SortProductsByTest" time="114.522"/>
  <testcase name="addNewItemToTheList" classname="tests.SortProductsByTest" time="119.461"/>
  <testcase name="addNewList" classname="tests.EditListNameTest" time="5.237">
    <failure message="An element could not be located on the page using the given search parameters. (WARNING: The server did not provide any stacktrace information)&#10;Command duration or timeout: 5.22 seconds&#10;For documentation on this error, please visit: http://seleniumhq.org/exceptions/no_such_element.html&#10;Build info: version: &apos;2.46.0&apos;, revision: &apos;61506a4624b13675f24581e453592342b7485d71&apos;, time: &apos;2015-06-04 10:22:50&apos;&#10;System info: host: &apos;Alisinas-MBP&apos;, ip: &apos;192.168.1.68&apos;, os.name: &apos;Mac OS X&apos;, os.arch: &apos;x86_64&apos;, os.version: &apos;10.11.6&apos;, java.version: &apos;1.8.0_141&apos;&#10;Driver info: io.appium.java_client.android.AndroidDriver&#10;Capabilities [{app=/Users/alisina/IdeaProjects/android_shoppinglist_tests/src/test/resources/Shopping_list_1.6.apk, appPackage=com.slava.buylist, deviceScreenSize=1080x1920, networkConnectionEnabled=true, warnings={}, appWaitPackage=com.slava.buylist, appWaitActivity=com.slava.buylist.MainActivity, databaseEnabled=false, deviceName=emulator-5554, platform=LINUX, deviceUDID=emulator-5554, appActivity=com.slava.buylist.MainActivity, desired={app=/Users/alisina/IdeaProjects/android_shoppinglist_tests/src/test/resources/Shopping_list_1.6.apk, platformName=Android, deviceName=Nexus 5 API 23}, platformVersion=6.0, webStorageEnabled=false, locationContextEnabled=false, takesScreenshot=true, javascriptEnabled=true, deviceModel=Android SDK built for x86, platformName=Android, deviceManufacturer=unknown}]&#10;Session ID: c1833405-638f-460c-a368-ba247d5e81ec&#10;*** Element info: {Using=xpath, value=//android.widget.RelativeLayout[android.widget.TextView[@text=&apos;New list&apos;]]/android.widget.ImageView[@resource-id=&apos;com.slava.buylist:id/imageView2&apos;]}" type="org.openqa.selenium.NoSuchElementException">org.openqa.selenium.NoSuchElementException: 
An element could not be located on the page using the given search parameters. (WARNING: The server did not provide any stacktrace information)
Command duration or timeout: 5.22 seconds
For documentation on this error, please visit: http://seleniumhq.org/exceptions/no_such_element.html
Build info: version: '2.46.0', revision: '61506a4624b13675f24581e453592342b7485d71', time: '2015-06-04 10:22:50'
System info: host: 'Alisinas-MBP', ip: '192.168.1.68', os.name: 'Mac OS X', os.arch: 'x86_64', os.version: '10.11.6', java.version: '1.8.0_141'
Driver info: io.appium.java_client.android.AndroidDriver
Capabilities [{app=/Users/alisina/IdeaProjects/android_shoppinglist_tests/src/test/resources/Shopping_list_1.6.apk, appPackage=com.slava.buylist, deviceScreenSize=1080x1920, networkConnectionEnabled=true, warnings={}, appWaitPackage=com.slava.buylist, appWaitActivity=com.slava.buylist.MainActivity, databaseEnabled=false, deviceName=emulator-5554, platform=LINUX, deviceUDID=emulator-5554, appActivity=com.slava.buylist.MainActivity, desired={app=/Users/alisina/IdeaProjects/android_shoppinglist_tests/src/test/resources/Shopping_list_1.6.apk, platformName=Android, deviceName=Nexus 5 API 23}, platformVersion=6.0, webStorageEnabled=false, locationContextEnabled=false, takesScreenshot=true, javascriptEnabled=true, deviceModel=Android SDK built for x86, platformName=Android, deviceManufacturer=unknown}]
Session ID: c1833405-638f-460c-a368-ba247d5e81ec
*** Element info: {Using=xpath, value=//android.widget.RelativeLayout[android.widget.TextView[@text='New list']]/android.widget.ImageView[@resource-id='com.slava.buylist:id/imageView2']}
	at tests.EditListNameTest.addNewList(EditListNameTest.java:32)
</failure>
  </testcase>
</testsuite>